04-12 11:39:14 com_github_MitjaNemec_PlaceFootprints.action_place_footprints 647:Plugin executed on: 'win32'
04-12 11:39:14 com_github_MitjaNemec_PlaceFootprints.action_place_footprints 648:Plugin executed with python version: '3.11.5 (main, Jan 19 2024, 08:13:45) [MSC v.1936 64 bit (AMD64)]'
04-12 11:39:14 com_github_MitjaNemec_PlaceFootprints.action_place_footprints 649:KiCad build version: 8.0.1
04-12 11:39:14 com_github_MitjaNemec_PlaceFootprints.action_place_footprints 650:Plugin version: 3.0.0
04-12 11:39:14 com_github_MitjaNemec_PlaceFootprints.action_place_footprints 651:Frame repr: <wx._core.Frame object at 0x0000029944A49510>
04-12 11:39:14 com_github_MitjaNemec_PlaceFootprints.place_footprints 121:getting a list of all footprints on board
04-12 11:39:14 com_github_MitjaNemec_PlaceFootprints.place_footprints 156:Footprint J2 on root level
04-12 11:39:14 com_github_MitjaNemec_PlaceFootprints.place_footprints 156:Footprint J1 on root level
04-12 11:39:14 com_github_MitjaNemec_PlaceFootprints.place_footprints 156:Footprint R20 on root level
04-12 11:39:14 com_github_MitjaNemec_PlaceFootprints.place_footprints 156:Footprint R19 on root level
04-12 11:39:14 com_github_MitjaNemec_PlaceFootprints.place_footprints 156:Footprint R18 on root level
04-12 11:39:14 com_github_MitjaNemec_PlaceFootprints.place_footprints 156:Footprint R17 on root level
04-12 11:39:14 com_github_MitjaNemec_PlaceFootprints.place_footprints 156:Footprint R16 on root level
04-12 11:39:14 com_github_MitjaNemec_PlaceFootprints.place_footprints 156:Footprint R15 on root level
04-12 11:39:14 com_github_MitjaNemec_PlaceFootprints.place_footprints 156:Footprint R14 on root level
04-12 11:39:14 com_github_MitjaNemec_PlaceFootprints.place_footprints 156:Footprint R13 on root level
04-12 11:39:14 com_github_MitjaNemec_PlaceFootprints.place_footprints 156:Footprint R12 on root level
04-12 11:39:14 com_github_MitjaNemec_PlaceFootprints.place_footprints 156:Footprint R11 on root level
04-12 11:39:14 com_github_MitjaNemec_PlaceFootprints.place_footprints 156:Footprint R10 on root level
04-12 11:39:14 com_github_MitjaNemec_PlaceFootprints.place_footprints 156:Footprint R9 on root level
04-12 11:39:14 com_github_MitjaNemec_PlaceFootprints.place_footprints 156:Footprint R8 on root level
04-12 11:39:14 com_github_MitjaNemec_PlaceFootprints.place_footprints 156:Footprint R7 on root level
04-12 11:39:14 com_github_MitjaNemec_PlaceFootprints.place_footprints 156:Footprint R6 on root level
04-12 11:39:14 com_github_MitjaNemec_PlaceFootprints.place_footprints 156:Footprint R5 on root level
04-12 11:39:14 com_github_MitjaNemec_PlaceFootprints.place_footprints 156:Footprint R4 on root level
04-12 11:39:14 com_github_MitjaNemec_PlaceFootprints.place_footprints 156:Footprint R3 on root level
04-12 11:39:14 com_github_MitjaNemec_PlaceFootprints.place_footprints 156:Footprint R2 on root level
04-12 11:39:14 com_github_MitjaNemec_PlaceFootprints.place_footprints 156:Footprint R1 on root level
04-12 11:39:14 com_github_MitjaNemec_PlaceFootprints.place_footprints 156:Footprint D20 on root level
04-12 11:39:14 com_github_MitjaNemec_PlaceFootprints.place_footprints 156:Footprint D19 on root level
04-12 11:39:14 com_github_MitjaNemec_PlaceFootprints.place_footprints 156:Footprint D18 on root level
04-12 11:39:14 com_github_MitjaNemec_PlaceFootprints.place_footprints 156:Footprint D17 on root level
04-12 11:39:14 com_github_MitjaNemec_PlaceFootprints.place_footprints 156:Footprint D16 on root level
04-12 11:39:14 com_github_MitjaNemec_PlaceFootprints.place_footprints 156:Footprint D15 on root level
04-12 11:39:14 com_github_MitjaNemec_PlaceFootprints.place_footprints 156:Footprint D14 on root level
04-12 11:39:14 com_github_MitjaNemec_PlaceFootprints.place_footprints 156:Footprint D13 on root level
04-12 11:39:14 com_github_MitjaNemec_PlaceFootprints.place_footprints 156:Footprint D12 on root level
04-12 11:39:14 com_github_MitjaNemec_PlaceFootprints.place_footprints 156:Footprint D11 on root level
04-12 11:39:14 com_github_MitjaNemec_PlaceFootprints.place_footprints 156:Footprint D10 on root level
04-12 11:39:14 com_github_MitjaNemec_PlaceFootprints.place_footprints 156:Footprint D9 on root level
04-12 11:39:14 com_github_MitjaNemec_PlaceFootprints.place_footprints 156:Footprint D8 on root level
04-12 11:39:14 com_github_MitjaNemec_PlaceFootprints.place_footprints 156:Footprint D7 on root level
04-12 11:39:14 com_github_MitjaNemec_PlaceFootprints.place_footprints 156:Footprint D6 on root level
04-12 11:39:14 com_github_MitjaNemec_PlaceFootprints.place_footprints 156:Footprint D5 on root level
04-12 11:39:14 com_github_MitjaNemec_PlaceFootprints.place_footprints 156:Footprint D4 on root level
04-12 11:39:14 com_github_MitjaNemec_PlaceFootprints.place_footprints 156:Footprint D3 on root level
04-12 11:39:14 com_github_MitjaNemec_PlaceFootprints.place_footprints 156:Footprint D2 on root level
04-12 11:39:14 com_github_MitjaNemec_PlaceFootprints.place_footprints 156:Footprint D1 on root level
04-12 11:39:15 com_github_MitjaNemec_PlaceFootprints.action_place_footprints 830:Reference designator is: R
04-12 11:39:15 com_github_MitjaNemec_PlaceFootprints.action_place_footprints 831:Reference number is: 5
04-12 11:39:15 com_github_MitjaNemec_PlaceFootprints.action_place_footprints 863:Sorted and filtered list:
['R1', 'R2', 'R3', 'R4', 'R5', 'R6', 'R7', 'R8', 'R9', 'R10', 'R11', 'R12', 'R13', 'R14', 'R15', 'R16', 'R17', 'R18', 'R19', 'R20']
04-12 11:39:15 com_github_MitjaNemec_PlaceFootprints.action_place_footprints 359:wx.Colour(240, 240, 240, 255)
